app/build/outputs/logs/manifest-merger-debug-report.txt
-- Merging decision tree log ---
manifest
ADDED from src\main\AndroidManifest.xml:2:1-190:12
INJECTED from src\main\AndroidManifest.xml:2:1-190:12
INJECTED from src\main\AndroidManifest.xml:2:1-190:12
INJECTED from src\main\AndroidManifest.xml:2:1-190:12
INJECTED from src\main\AndroidManifest.xml:2:1-190:12
INJECTED from src\main\AndroidManifest.xml:2:1-190:12
INJECTED from src\main\AndroidManifest.xml:2:1-190:12
	package
		ADDED from src\main\AndroidManifest.xml:3:5-33
		INJECTED from src\main\AndroidManifest.xml
		INJECTED from src\main\AndroidManifest.xml
	android:versionName
		ADDED from src\main\AndroidManifest.xml:5:5-32
		INJECTED from src\main\AndroidManifest.xml
		INJECTED from src\main\AndroidManifest.xml
	xmlns:android
		ADDED from src\main\AndroidManifest.xml:2:11-69
	android:versionCode
		ADDED from src\main\AndroidManifest.xml:4:5-29
		INJECTED from src\main\AndroidManifest.xml
		INJECTED from src\main\AndroidManifest.xml
uses-sdk
ADDED from src\main\AndroidManifest.xml:7:5-43
INJECTED from src\main\AndroidManifest.xml:7:5-43
INJECTED from src\main\AndroidManifest.xml:7:5-43
INJECTED from src\main\AndroidManifest.xml:7:5-43
INJECTED from src\main\AndroidManifest.xml:7:5-43
	android:targetSdkVersion
		INJECTED from src\main\AndroidManifest.xml
		ADDED from src\main\AndroidManifest.xml:7:5-43
		INJECTED from src\main\AndroidManifest.xml
	android:minSdkVersion
		ADDED from src\main\AndroidManifest.xml:7:15-40
		INJECTED from src\main\AndroidManifest.xml
		INJECTED from src\main\AndroidManifest.xml
uses-permission#android.permission.WRITE_EXTERNAL_STORAGE
ADDED from src\main\AndroidManifest.xml:10:5-81
	android:name
		ADDED from src\main\AndroidManifest.xml:10:22-78
uses-permission#android.permission.RESTART_PACKAGES
ADDED from src\main\AndroidManifest.xml:11:5-75
	android:name
		ADDED from src\main\AndroidManifest.xml:11:22-72
uses-permission#android.permission.VIBRATE
ADDED from src\main\AndroidManifest.xml:13:5-66
	android:name
		ADDED from src\main\AndroidManifest.xml:13:22-63
uses-permission#android.permission.CALL_PHONE
ADDED from src\main\AndroidManifest.xml:15:5-69
	android:name
		ADDED from src\main\AndroidManifest.xml:15:22-66
uses-permission#android.permission.WAKE_LOCK
ADDED from src\main\AndroidManifest.xml:17:5-68
	android:name
		ADDED from src\main\AndroidManifest.xml:17:22-65
uses-permission#android.permission.INTERNET
ADDED from src\main\AndroidManifest.xml:19:5-67
	android:name
		ADDED from src\main\AndroidManifest.xml:19:22-64
uses-permission#android.permission.WRITE_SETTINGS
ADDED from src\main\AndroidManifest.xml:21:5-73
	android:name
		ADDED from src\main\AndroidManifest.xml:21:22-70
uses-permission#android.permission.MOUNT_UNMOUNT_FILESYSTEMS
ADDED from src\main\AndroidManifest.xml:23:5-84
	android:name
		ADDED from src\main\AndroidManifest.xml:23:22-81
uses-permission#android.permission.CHANGE_NETWORK_STATE
ADDED from src\main\AndroidManifest.xml:25:5-79
	android:name
		ADDED from src\main\AndroidManifest.xml:25:22-76
uses-permission#android.permission.ACCESS_NETWORK_STATE
ADDED from src\main\AndroidManifest.xml:27:5-79
	android:name
		ADDED from src\main\AndroidManifest.xml:27:22-76
uses-permission#android.permission.ACCESS_WIFI_STATE
ADDED from src\main\AndroidManifest.xml:29:5-76
	android:name
		ADDED from src\main\AndroidManifest.xml:29:22-73
uses-permission#android.permission.CHANGE_WIFI_STATE
ADDED from src\main\AndroidManifest.xml:31:5-76
	android:name
		ADDED from src\main\AndroidManifest.xml:31:22-73
uses-permission#android.permission.CAMERA
ADDED from src\main\AndroidManifest.xml:32:5-65
	android:name
		ADDED from src\main\AndroidManifest.xml:32:22-62
uses-feature#android.hardware.camera
ADDED from src\main\AndroidManifest.xml:34:5-60
	android:name
		ADDED from src\main\AndroidManifest.xml:34:19-57
uses-feature#android.hardware.camera.autofocus
ADDED from src\main\AndroidManifest.xml:35:5-70
	android:name
		ADDED from src\main\AndroidManifest.xml:35:19-67
uses-permission#android.permission.ACCESS_FINE_LOCATION
ADDED from src\main\AndroidManifest.xml:38:5-79
	android:name
		ADDED from src\main\AndroidManifest.xml:38:22-76
uses-permission#android.permission.ACCESS_COARSE_LOCATION
ADDED from src\main\AndroidManifest.xml:40:5-81
	android:name
		ADDED from src\main\AndroidManifest.xml:40:22-78
uses-permission#android.permission.READ_PHONE_STATE
ADDED from src\main\AndroidManifest.xml:42:5-75
	android:name
		ADDED from src\main\AndroidManifest.xml:42:22-72
application
ADDED from src\main\AndroidManifest.xml:44:5-188:19
	android:label
		ADDED from src\main\AndroidManifest.xml:48:9-41
	android:largeHeap
		ADDED from src\main\AndroidManifest.xml:49:9-33
	android:icon
		ADDED from src\main\AndroidManifest.xml:47:9-38
	android:allowBackup
		ADDED from src\main\AndroidManifest.xml:46:9-35
	android:theme
		ADDED from src\main\AndroidManifest.xml:50:9-56
	android:name
		ADDED from src\main\AndroidManifest.xml:45:9-44
activity#com.niudantg.admin.LoginActivity
ADDED from src\main\AndroidManifest.xml:51:9-60:20
	android:screenOrientation
		ADDED from src\main\AndroidManifest.xml:54:13-49
	android:label
		ADDED from src\main\AndroidManifest.xml:53:13-45
	android:name
		ADDED from src\main\AndroidManifest.xml:52:13-42
intent-filter#android.intent.action.MAIN+android.intent.category.LAUNCHER
ADDED from src\main\AndroidManifest.xml:55:13-59:29
action#android.intent.action.MAIN
ADDED from src\main\AndroidManifest.xml:56:17-69
	android:name
		ADDED from src\main\AndroidManifest.xml:56:25-66
category#android.intent.category.LAUNCHER
ADDED from src\main\AndroidManifest.xml:58:17-77
	android:name
		ADDED from src\main\AndroidManifest.xml:58:27-74
activity#com.niudantg.admin.MainActivity
ADDED from src\main\AndroidManifest.xml:61:9-65:20
	android:screenOrientation
		ADDED from src\main\AndroidManifest.xml:64:13-49
	android:label
		ADDED from src\main\AndroidManifest.xml:63:13-45
	android:name
		ADDED from src\main\AndroidManifest.xml:62:13-59
activity#com.niudantg.admin.CustomerListActivity
ADDED from src\main\AndroidManifest.xml:66:9-70:20
	android:screenOrientation
		ADDED from src\main\AndroidManifest.xml:69:13-49
	android:label
		ADDED from src\main\AndroidManifest.xml:68:13-45
	android:name
		ADDED from src\main\AndroidManifest.xml:67:13-67
activity#com.niudantg.admin.CarListActivity
ADDED from src\main\AndroidManifest.xml:71:9-75:20
	android:screenOrientation
		ADDED from src\main\AndroidManifest.xml:74:13-49
	android:label
		ADDED from src\main\AndroidManifest.xml:73:13-45
	android:name
		ADDED from src\main\AndroidManifest.xml:72:13-62
activity#com.niudantg.admin.CardBDActivity
ADDED from src\main\AndroidManifest.xml:76:9-80:20
	android:screenOrientation
		ADDED from src\main\AndroidManifest.xml:79:13-49
	android:label
		ADDED from src\main\AndroidManifest.xml:78:13-45
	android:name
		ADDED from src\main\AndroidManifest.xml:77:13-61
activity#com.niudantg.admin.SetCustomerInfoActivity
ADDED from src\main\AndroidManifest.xml:81:9-85:20
	android:screenOrientation
		ADDED from src\main\AndroidManifest.xml:84:13-49
	android:label
		ADDED from src\main\AndroidManifest.xml:83:13-45
	android:name
		ADDED from src\main\AndroidManifest.xml:82:13-70
activity#com.niudantg.admin.SetCustomerInfoActivity2
ADDED from src\main\AndroidManifest.xml:86:9-90:20
	android:screenOrientation
		ADDED from src\main\AndroidManifest.xml:89:13-49
	android:label
		ADDED from src\main\AndroidManifest.xml:88:13-45
	android:name
		ADDED from src\main\AndroidManifest.xml:87:13-71
activity#com.niudantg.admin.ProvinceListActivity
ADDED from src\main\AndroidManifest.xml:91:9-94:52
	android:screenOrientation
		ADDED from src\main\AndroidManifest.xml:94:13-49
	android:label
		ADDED from src\main\AndroidManifest.xml:93:13-45
	android:name
		ADDED from src\main\AndroidManifest.xml:92:13-67
activity#com.niudantg.admin.CityListActivity
ADDED from src\main\AndroidManifest.xml:95:9-98:52
	android:screenOrientation
		ADDED from src\main\AndroidManifest.xml:98:13-49
	android:label
		ADDED from src\main\AndroidManifest.xml:97:13-45
	android:name
		ADDED from src\main\AndroidManifest.xml:96:13-63
activity#com.niudantg.admin.RegionListActivity
ADDED from src\main\AndroidManifest.xml:99:9-102:52
	android:screenOrientation
		ADDED from src\main\AndroidManifest.xml:102:13-49
	android:label
		ADDED from src\main\AndroidManifest.xml:101:13-45
	android:name
		ADDED from src\main\AndroidManifest.xml:100:13-65
activity#com.niudantg.admin.ExtensionActivity
ADDED from src\main\AndroidManifest.xml:103:9-106:52
	android:screenOrientation
		ADDED from src\main\AndroidManifest.xml:106:13-49
	android:label
		ADDED from src\main\AndroidManifest.xml:105:13-45
	android:name
		ADDED from src\main\AndroidManifest.xml:104:13-64
activity#com.niudantg.admin.RoadPlanActivity
ADDED from src\main\AndroidManifest.xml:107:9-110:52
	android:screenOrientation
		ADDED from src\main\AndroidManifest.xml:110:13-49
	android:label
		ADDED from src\main\AndroidManifest.xml:109:13-45
	android:name
		ADDED from src\main\AndroidManifest.xml:108:13-63
activity#com.niudantg.admin.BDCarActivity
ADDED from src\main\AndroidManifest.xml:111:9-114:52
	android:screenOrientation
		ADDED from src\main\AndroidManifest.xml:114:13-49
	android:label
		ADDED from src\main\AndroidManifest.xml:113:13-45
	android:name
		ADDED from src\main\AndroidManifest.xml:112:13-60
activity#com.niudantg.admin.AddCarActivity
ADDED from src\main\AndroidManifest.xml:115:9-118:52
	android:screenOrientation
		ADDED from src\main\AndroidManifest.xml:118:13-49
	android:label
		ADDED from src\main\AndroidManifest.xml:117:13-45
	android:name
		ADDED from src\main\AndroidManifest.xml:116:13-61
activity#com.niudantg.admin.UpdatePhoneActivity
ADDED from src\main\AndroidManifest.xml:119:9-122:52
	android:screenOrientation
		ADDED from src\main\AndroidManifest.xml:122:13-49
	android:label
		ADDED from src\main\AndroidManifest.xml:121:13-45
	android:name
		ADDED from src\main\AndroidManifest.xml:120:13-66
activity#com.niudantg.admin.EDataListActivity
ADDED from src\main\AndroidManifest.xml:123:9-126:52
	android:screenOrientation
		ADDED from src\main\AndroidManifest.xml:126:13-49
	android:label
		ADDED from src\main\AndroidManifest.xml:125:13-45
	android:name
		ADDED from src\main\AndroidManifest.xml:124:13-64
activity#com.niudantg.admin.WebActivity
ADDED from src\main\AndroidManifest.xml:127:9-130:52
	android:screenOrientation
		ADDED from src\main\AndroidManifest.xml:130:13-49
	android:label
		ADDED from src\main\AndroidManifest.xml:129:13-45
	android:name
		ADDED from src\main\AndroidManifest.xml:128:13-58
activity#com.niudantg.admin.SearchCarInfoActivity
ADDED from src\main\AndroidManifest.xml:131:9-134:52
	android:screenOrientation
		ADDED from src\main\AndroidManifest.xml:134:13-49
	android:label
		ADDED from src\main\AndroidManifest.xml:133:13-45
	android:name
		ADDED from src\main\AndroidManifest.xml:132:13-68
activity#com.niudantg.admin.CustomerTypeListActivity
ADDED from src\main\AndroidManifest.xml:135:9-138:52
	android:screenOrientation
		ADDED from src\main\AndroidManifest.xml:138:13-49
	android:label
		ADDED from src\main\AndroidManifest.xml:137:13-45
	android:name
		ADDED from src\main\AndroidManifest.xml:136:13-71
activity#com.niudantg.admin.SetCustomerLocationActivity
ADDED from src\main\AndroidManifest.xml:139:9-142:52
	android:screenOrientation
		ADDED from src\main\AndroidManifest.xml:142:13-49
	android:label
		ADDED from src\main\AndroidManifest.xml:141:13-45
	android:name
		ADDED from src\main\AndroidManifest.xml:140:13-74
activity#com.niudantg.admin.UpdatePasswordActivity
ADDED from src\main\AndroidManifest.xml:143:9-146:52
	android:screenOrientation
		ADDED from src\main\AndroidManifest.xml:146:13-49
	android:label
		ADDED from src\main\AndroidManifest.xml:145:13-45
	android:name
		ADDED from src\main\AndroidManifest.xml:144:13-69
activity#com.niudantg.admin.SetActivity
ADDED from src\main\AndroidManifest.xml:147:9-150:52
	android:screenOrientation
		ADDED from src\main\AndroidManifest.xml:150:13-49
	android:label
		ADDED from src\main\AndroidManifest.xml:149:13-45
	android:name
		ADDED from src\main\AndroidManifest.xml:148:13-58
activity#com.niudantg.admin.UpdatePriceActivity
ADDED from src\main\AndroidManifest.xml:151:9-154:52
	android:screenOrientation
		ADDED from src\main\AndroidManifest.xml:154:13-49
	android:label
		ADDED from src\main\AndroidManifest.xml:153:13-45
	android:name
		ADDED from src\main\AndroidManifest.xml:152:13-66
activity#com.niudantg.admin.UpCustomerRewardActivity
ADDED from src\main\AndroidManifest.xml:155:9-158:52
	android:screenOrientation
		ADDED from src\main\AndroidManifest.xml:158:13-49
	android:label
		ADDED from src\main\AndroidManifest.xml:157:13-45
	android:name
		ADDED from src\main\AndroidManifest.xml:156:13-71
activity#com.niudantg.admin.StatisticsActivity
ADDED from src\main\AndroidManifest.xml:159:9-162:52
	android:screenOrientation
		ADDED from src\main\AndroidManifest.xml:162:13-49
	android:label
		ADDED from src\main\AndroidManifest.xml:161:13-45
	android:name
		ADDED from src\main\AndroidManifest.xml:160:13-65
activity#com.niudantg.admin.OrderListActivity
ADDED from src\main\AndroidManifest.xml:163:9-167:20
	android:screenOrientation
		ADDED from src\main\AndroidManifest.xml:166:13-50
	android:label
		ADDED from src\main\AndroidManifest.xml:165:13-45
	android:name
		ADDED from src\main\AndroidManifest.xml:164:13-64
activity#com.niudantg.admin.UpdateCardBDStatusActivity
ADDED from src\main\AndroidManifest.xml:168:9-172:20
	android:screenOrientation
		ADDED from src\main\AndroidManifest.xml:171:13-49
	android:label
		ADDED from src\main\AndroidManifest.xml:170:13-45
	android:name
		ADDED from src\main\AndroidManifest.xml:169:13-73
activity#com.niudantg.admin.SearchPaymentBoardActivity
ADDED from src\main\AndroidManifest.xml:173:9-177:20
	android:screenOrientation
		ADDED from src\main\AndroidManifest.xml:176:13-49
	android:label
		ADDED from src\main\AndroidManifest.xml:175:13-45
	android:name
		ADDED from src\main\AndroidManifest.xml:174:13-73
service#niudantg.service.QiniuSerVice
ADDED from src\main\AndroidManifest.xml:179:9-183:19
	android:name
		ADDED from src\main\AndroidManifest.xml:179:18-62
intent-filter#yaoyaocar.service.QiniuSerVice
ADDED from src\main\AndroidManifest.xml:180:13-182:29
action#yaoyaocar.service.QiniuSerVice
ADDED from src\main\AndroidManifest.xml:181:17-73
	android:name
		ADDED from src\main\AndroidManifest.xml:181:25-70
meta-data#TencentMapSDK
ADDED from src\main\AndroidManifest.xml:185:9-187:67
	android:value
		ADDED from src\main\AndroidManifest.xml:187:13-64
	android:name
		ADDED from src\main\AndroidManifest.xml:186:13-41